<?xml version="1.0" encoding="UTF-8"?>
<!-- Generated by org.testng.reporters.JUnitReportReporter -->
<testsuite hostname="DESKTOP-7528CC5" failures="0" tests="14" name="channel.tests.PlivoTest" time="10.731" errors="0" timestamp="08 Apr 2020 09:42:07 GMT" skipped="0">
  <testcase classname="channel.tests.PlivoTest" name="verifyArchivedChannel" time="0.462"/>
  <testcase classname="channel.tests.PlivoTest" name="verifyArchivedChannel" time="0.337"/>
  <testcase classname="channel.tests.PlivoTest" name="testArchiveChannel" time="0.895"/>
  <testcase classname="channel.tests.PlivoTest" name="testArchiveChannel" time="0.407"/>
  <testcase classname="channel.tests.PlivoTest" name="verifyRenamedChannel" time="0.434"/>
  <testcase classname="channel.tests.PlivoTest" name="verifyRenamedChannel" time="0.564"/>
  <testcase classname="channel.tests.PlivoTest" name="testRenameChannel" time="0.479"/>
  <testcase classname="channel.tests.PlivoTest" name="testRenameChannel" time="0.470"/>
  <testcase classname="channel.tests.PlivoTest" name="testJoinNewlyCreatedChannel" time="0.445"/>
  <testcase classname="channel.tests.PlivoTest" name="testJoinNewlyCreatedChannel" time="0.450"/>
  <testcase classname="channel.tests.PlivoTest" name="testCreateNewChannel" time="1.061"/>
  <testcase classname="channel.tests.PlivoTest" name="testCreateNewChannel" time="4.683"/>
  <testcase classname="channel.tests.PlivoTest" name="testAccessToken" time="0.005"/>
  <testcase classname="channel.tests.PlivoTest" name="testAccessToken" time="0.039"/>
</testsuite> <!-- channel.tests.PlivoTest -->
