<?xml version="1.0" encoding="UTF-8"?>
<!-- Generated by org.testng.reporters.JUnitReportReporter -->
<testsuite hostname="DESKTOP-7528CC5" failures="0" tests="3" name="channel.tests.JoinChannelTest" time="2.885" errors="0" timestamp="04 Apr 2020 06:12:14 GMT" skipped="0">
  <testcase classname="channel.tests.JoinChannelTest" name="testAccessToken" time="0.007"/>
  <testcase classname="channel.tests.JoinChannelTest" name="testCreateNewChannel" time="2.408"/>
  <testcase classname="channel.tests.JoinChannelTest" name="testJoinChannel" time="0.470"/>
</testsuite> <!-- channel.tests.JoinChannelTest -->
