<?xml version="1.0" encoding="UTF-8"?>
<!-- Generated by org.testng.reporters.JUnitReportReporter -->
<testsuite hostname="DESKTOP-7528CC5" failures="0" tests="1" name="channel.tests.BaseTest" time="0.008" errors="0" timestamp="07 Apr 2020 13:45:19 GMT" skipped="0">
  <testcase classname="channel.tests.BaseTest" name="testAccessToken" time="0.008"/>
</testsuite> <!-- channel.tests.BaseTest -->
