<?xml version="1.0" encoding="UTF-8"?>
<!-- Generated by org.testng.reporters.JUnitReportReporter -->
<testsuite hostname="DESKTOP-7528CC5" failures="0" tests="5" name="channel.tests.ArchiveChannelTest" time="4.823" errors="0" timestamp="04 Apr 2020 13:18:37 GMT" skipped="0">
  <testcase classname="channel.tests.ArchiveChannelTest" name="testAccessToken" time="0.011"/>
  <testcase classname="channel.tests.ArchiveChannelTest" name="testCreateNewChannel" time="2.378"/>
  <testcase classname="channel.tests.ArchiveChannelTest" name="testJoinChannel" time="0.438"/>
  <testcase classname="channel.tests.ArchiveChannelTest" name="testRenameChannel" time="1.026"/>
  <testcase classname="channel.tests.ArchiveChannelTest" name="testArchiveChannel" time="0.970"/>
</testsuite> <!-- channel.tests.ArchiveChannelTest -->
