<?xml version="1.0" encoding="UTF-8"?>
<!-- Generated by org.testng.reporters.JUnitReportReporter -->
<testsuite hostname="DESKTOP-7528CC5" failures="0" tests="1" name="channel.tests.BaseTest" time="0.018" errors="0" timestamp="03 Apr 2020 20:28:32 GMT" skipped="0">
  <testcase classname="channel.tests.BaseTest" name="testAccessToken" time="0.018"/>
</testsuite> <!-- channel.tests.BaseTest -->
