<?xml version="1.0" encoding="UTF-8"?>
<!-- Generated by org.testng.reporters.JUnitReportReporter -->
<testsuite hostname="DESKTOP-7528CC5" failures="0" tests="2" name="channel.tests.TestB" time="0.016" errors="0" timestamp="07 Apr 2020 15:29:20 GMT" skipped="0">
  <testcase classname="channel.tests.TestB" name="testB" time="0.014"/>
  <testcase classname="channel.tests.TestB" name="testA" time="0.002"/>
</testsuite> <!-- channel.tests.TestB -->
