<?xml version="1.0" encoding="UTF-8"?>
<!-- Generated by org.testng.reporters.JUnitReportReporter -->
<testsuite hostname="DESKTOP-7528CC5" failures="0" tests="7" name="channel.tests.PlivoTest" time="4.649" errors="0" timestamp="04 Apr 2020 13:43:25 GMT" skipped="0">
  <testcase classname="channel.tests.PlivoTest" name="testAccessToken" time="0.007"/>
  <testcase classname="channel.tests.PlivoTest" name="testCreateNewChannel" time="2.356"/>
  <testcase classname="channel.tests.PlivoTest" name="testJoinNewlyCreatedChannel" time="0.426"/>
  <testcase classname="channel.tests.PlivoTest" name="testRenameChannel" time="0.513"/>
  <testcase classname="channel.tests.PlivoTest" name="verifyRenamedChannel" time="0.528"/>
  <testcase classname="channel.tests.PlivoTest" name="testArchiveChannel" time="0.410"/>
  <testcase classname="channel.tests.PlivoTest" name="verifyArchivedChannel" time="0.409"/>
</testsuite> <!-- channel.tests.PlivoTest -->
