<?xml version="1.0" encoding="UTF-8"?>
<!-- Generated by org.testng.reporters.JUnitReportReporter -->
<testsuite hostname="DESKTOP-7528CC5" failures="0" tests="4" name="channel.tests.RenameChannelTest" time="3.879" errors="0" timestamp="04 Apr 2020 09:35:57 GMT" skipped="0">
  <testcase classname="channel.tests.RenameChannelTest" name="testAccessToken" time="0.008"/>
  <testcase classname="channel.tests.RenameChannelTest" name="testCreateNewChannel" time="2.415"/>
  <testcase classname="channel.tests.RenameChannelTest" name="testJoinChannel" time="0.449"/>
  <testcase classname="channel.tests.RenameChannelTest" name="testRenameChannel" time="1.007"/>
</testsuite> <!-- channel.tests.RenameChannelTest -->
